CRITICAL - 2022-05-07 16:25:01 --> Undefined variable: dato
#0 C:\laragon\www\quiko\app\Views\barberos\barberos.php(45): CodeIgniter\Debug\Exceptions->errorHandler(8, 'Undefined varia...', 'C:\\laragon\\www\\...', 45, Array)
#1 C:\laragon\www\quiko\system\View\View.php(210): include('C:\\laragon\\www\\...')
#2 C:\laragon\www\quiko\system\View\View.php(213): CodeIgniter\View\View->CodeIgniter\View\{closure}()
#3 C:\laragon\www\quiko\system\Common.php(1089): CodeIgniter\View\View->render('barberos/barber...', Array, true)
#4 C:\laragon\www\quiko\app\Controllers\Barbero.php(15): view('barberos/barber...', Array)
#5 C:\laragon\www\quiko\system\CodeIgniter.php(832): App\Controllers\Barbero->index()
#6 C:\laragon\www\quiko\system\CodeIgniter.php(419): CodeIgniter\CodeIgniter->runController(Object(App\Controllers\Barbero))
#7 C:\laragon\www\quiko\system\CodeIgniter.php(326): CodeIgniter\CodeIgniter->handleRequest(NULL, Object(Config\Cache), false)
#8 C:\laragon\www\quiko\public\index.php(37): CodeIgniter\CodeIgniter->run()
#9 {main}
ERROR - 2022-05-07 20:57:08 --> Error connecting to the database: Access denied for user '****'@'localhost' (using password: YES)
CRITICAL - 2022-05-07 20:57:08 --> Unable to connect to the database.
Main connection [MySQLi]: Access denied for user '****'@'localhost' (using password: YES)
#0 C:\laragon\www\quiko\system\Database\BaseConnection.php(577): CodeIgniter\Database\BaseConnection->initialize()
#1 C:\laragon\www\quiko\system\Database\BaseBuilder.php(1455): CodeIgniter\Database\BaseConnection->query('SELECT *\nFROM `...', Array, false)
#2 C:\laragon\www\quiko\system\Model.php(183): CodeIgniter\Database\BaseBuilder->get()
#3 C:\laragon\www\quiko\system\BaseModel.php(584): CodeIgniter\Model->doFindAll(0, 0)
#4 C:\laragon\www\quiko\app\Controllers\Administrador.php(36): CodeIgniter\BaseModel->findAll()
#5 C:\laragon\www\quiko\system\CodeIgniter.php(832): App\Controllers\Administrador->index()
#6 C:\laragon\www\quiko\system\CodeIgniter.php(419): CodeIgniter\CodeIgniter->runController(Object(App\Controllers\Administrador))
#7 C:\laragon\www\quiko\system\CodeIgniter.php(326): CodeIgniter\CodeIgniter->handleRequest(NULL, Object(Config\Cache), false)
#8 C:\laragon\www\quiko\public\index.php(37): CodeIgniter\CodeIgniter->run()
#9 {main}
ERROR - 2022-05-07 21:49:17 --> Error connecting to the database: Access denied for user '****'@'localhost' (using password: YES)
CRITICAL - 2022-05-07 21:49:17 --> Unable to connect to the database.
Main connection [MySQLi]: Access denied for user '****'@'localhost' (using password: YES)
#0 C:\laragon\www\quiko\system\Database\BaseConnection.php(577): CodeIgniter\Database\BaseConnection->initialize()
#1 C:\laragon\www\quiko\system\Database\BaseBuilder.php(1455): CodeIgniter\Database\BaseConnection->query('SELECT *\nFROM `...', Array, false)
#2 C:\laragon\www\quiko\system\Model.php(183): CodeIgniter\Database\BaseBuilder->get()
#3 C:\laragon\www\quiko\system\BaseModel.php(584): CodeIgniter\Model->doFindAll(0, 0)
#4 C:\laragon\www\quiko\app\Controllers\Corte.php(18): CodeIgniter\BaseModel->findAll()
#5 C:\laragon\www\quiko\system\CodeIgniter.php(832): App\Controllers\Corte->index()
#6 C:\laragon\www\quiko\system\CodeIgniter.php(419): CodeIgniter\CodeIgniter->runController(Object(App\Controllers\Corte))
#7 C:\laragon\www\quiko\system\CodeIgniter.php(326): CodeIgniter\CodeIgniter->handleRequest(NULL, Object(Config\Cache), false)
#8 C:\laragon\www\quiko\public\index.php(37): CodeIgniter\CodeIgniter->run()
#9 {main}
ERROR - 2022-05-07 21:54:11 --> Error connecting to the database: Access denied for user '****'@'localhost' (using password: YES)
CRITICAL - 2022-05-07 21:54:11 --> Unable to connect to the database.
Main connection [MySQLi]: Access denied for user '****'@'localhost' (using password: YES)
#0 C:\laragon\www\quiko\system\Database\BaseConnection.php(577): CodeIgniter\Database\BaseConnection->initialize()
#1 C:\laragon\www\quiko\system\Database\BaseBuilder.php(1455): CodeIgniter\Database\BaseConnection->query('SELECT *\nFROM `...', Array, false)
#2 C:\laragon\www\quiko\system\Model.php(183): CodeIgniter\Database\BaseBuilder->get()
#3 C:\laragon\www\quiko\system\BaseModel.php(584): CodeIgniter\Model->doFindAll(0, 0)
#4 C:\laragon\www\quiko\app\Controllers\Corte.php(18): CodeIgniter\BaseModel->findAll()
#5 C:\laragon\www\quiko\system\CodeIgniter.php(832): App\Controllers\Corte->index()
#6 C:\laragon\www\quiko\system\CodeIgniter.php(419): CodeIgniter\CodeIgniter->runController(Object(App\Controllers\Corte))
#7 C:\laragon\www\quiko\system\CodeIgniter.php(326): CodeIgniter\CodeIgniter->handleRequest(NULL, Object(Config\Cache), false)
#8 C:\laragon\www\quiko\public\index.php(37): CodeIgniter\CodeIgniter->run()
#9 {main}
