CRITICAL - 2022-04-13 17:09:57 --> Use of undefined constant base - assumed 'base' (this will throw an Error in a future version of PHP)
#0 C:\laragon\www\quiko\app\Views\header.php(46): CodeIgniter\Debug\Exceptions->errorHandler(2, 'Use of undefine...', 'C:\\laragon\\www\\...', 46, Array)
#1 C:\laragon\www\quiko\system\View\View.php(210): include('C:\\laragon\\www\\...')
#2 C:\laragon\www\quiko\system\View\View.php(213): CodeIgniter\View\View->CodeIgniter\View\{closure}()
#3 C:\laragon\www\quiko\system\Common.php(1089): CodeIgniter\View\View->render('header', Array, true)
#4 C:\laragon\www\quiko\app\Controllers\Home.php(9): view('header')
#5 C:\laragon\www\quiko\system\CodeIgniter.php(832): App\Controllers\Home->index()
#6 C:\laragon\www\quiko\system\CodeIgniter.php(419): CodeIgniter\CodeIgniter->runController(Object(App\Controllers\Home))
#7 C:\laragon\www\quiko\system\CodeIgniter.php(326): CodeIgniter\CodeIgniter->handleRequest(NULL, Object(Config\Cache), false)
#8 C:\laragon\www\quiko\public\index.php(37): CodeIgniter\CodeIgniter->run()
#9 {main}
CRITICAL - 2022-04-13 17:31:25 --> Class 'App\Models\ClientesModel' not found
#0 C:\laragon\www\quiko\system\CodeIgniter.php(809): App\Controllers\Cliente->__construct()
#1 C:\laragon\www\quiko\system\CodeIgniter.php(410): CodeIgniter\CodeIgniter->createController()
#2 C:\laragon\www\quiko\system\CodeIgniter.php(326): CodeIgniter\CodeIgniter->handleRequest(NULL, Object(Config\Cache), false)
#3 C:\laragon\www\quiko\public\index.php(37): CodeIgniter\CodeIgniter->run()
#4 {main}
ERROR - 2022-04-13 17:32:56 --> Error connecting to the database: Access denied for user '****'@'localhost' (using password: NO)
CRITICAL - 2022-04-13 17:32:56 --> Unable to connect to the database.
Main connection [MySQLi]: Access denied for user '****'@'localhost' (using password: NO)
#0 C:\laragon\www\quiko\system\Database\BaseConnection.php(577): CodeIgniter\Database\BaseConnection->initialize()
#1 C:\laragon\www\quiko\system\Database\BaseBuilder.php(1455): CodeIgniter\Database\BaseConnection->query('SELECT *\nFROM `...', Array, false)
#2 C:\laragon\www\quiko\system\Model.php(183): CodeIgniter\Database\BaseBuilder->get()
#3 C:\laragon\www\quiko\system\BaseModel.php(584): CodeIgniter\Model->doFindAll(0, 0)
#4 C:\laragon\www\quiko\app\Controllers\Cliente.php(17): CodeIgniter\BaseModel->findAll()
#5 C:\laragon\www\quiko\system\CodeIgniter.php(832): App\Controllers\Cliente->index()
#6 C:\laragon\www\quiko\system\CodeIgniter.php(419): CodeIgniter\CodeIgniter->runController(Object(App\Controllers\Cliente))
#7 C:\laragon\www\quiko\system\CodeIgniter.php(326): CodeIgniter\CodeIgniter->handleRequest(NULL, Object(Config\Cache), false)
#8 C:\laragon\www\quiko\public\index.php(37): CodeIgniter\CodeIgniter->run()
#9 {main}
ERROR - 2022-04-13 17:33:20 --> Error connecting to the database: Access denied for user '****'@'localhost' (using password: NO)
CRITICAL - 2022-04-13 17:33:20 --> Unable to connect to the database.
Main connection [MySQLi]: Access denied for user '****'@'localhost' (using password: NO)
#0 C:\laragon\www\quiko\system\Database\BaseConnection.php(577): CodeIgniter\Database\BaseConnection->initialize()
#1 C:\laragon\www\quiko\system\Database\BaseBuilder.php(1455): CodeIgniter\Database\BaseConnection->query('SELECT *\nFROM `...', Array, false)
#2 C:\laragon\www\quiko\system\Model.php(183): CodeIgniter\Database\BaseBuilder->get()
#3 C:\laragon\www\quiko\system\BaseModel.php(584): CodeIgniter\Model->doFindAll(0, 0)
#4 C:\laragon\www\quiko\app\Controllers\Cliente.php(17): CodeIgniter\BaseModel->findAll()
#5 C:\laragon\www\quiko\system\CodeIgniter.php(832): App\Controllers\Cliente->index()
#6 C:\laragon\www\quiko\system\CodeIgniter.php(419): CodeIgniter\CodeIgniter->runController(Object(App\Controllers\Cliente))
#7 C:\laragon\www\quiko\system\CodeIgniter.php(326): CodeIgniter\CodeIgniter->handleRequest(NULL, Object(Config\Cache), false)
#8 C:\laragon\www\quiko\public\index.php(37): CodeIgniter\CodeIgniter->run()
#9 {main}
CRITICAL - 2022-04-13 17:38:00 --> Undefined variable: datos
#0 C:\laragon\www\quiko\app\Views\clientes\clientes.php(3): CodeIgniter\Debug\Exceptions->errorHandler(8, 'Undefined varia...', 'C:\\laragon\\www\\...', 3, Array)
#1 C:\laragon\www\quiko\system\View\View.php(210): include('C:\\laragon\\www\\...')
#2 C:\laragon\www\quiko\system\View\View.php(213): CodeIgniter\View\View->CodeIgniter\View\{closure}()
#3 C:\laragon\www\quiko\system\Common.php(1089): CodeIgniter\View\View->render('clientes/client...', Array, true)
#4 C:\laragon\www\quiko\app\Controllers\Cliente.php(21): view('clientes/client...')
#5 C:\laragon\www\quiko\system\CodeIgniter.php(832): App\Controllers\Cliente->index()
#6 C:\laragon\www\quiko\system\CodeIgniter.php(419): CodeIgniter\CodeIgniter->runController(Object(App\Controllers\Cliente))
#7 C:\laragon\www\quiko\system\CodeIgniter.php(326): CodeIgniter\CodeIgniter->handleRequest(NULL, Object(Config\Cache), false)
#8 C:\laragon\www\quiko\public\index.php(37): CodeIgniter\CodeIgniter->run()
#9 {main}
CRITICAL - 2022-04-13 17:38:43 --> Undefined variable: datos
#0 C:\laragon\www\quiko\app\Views\clientes\clientes.php(3): CodeIgniter\Debug\Exceptions->errorHandler(8, 'Undefined varia...', 'C:\\laragon\\www\\...', 3, Array)
#1 C:\laragon\www\quiko\system\View\View.php(210): include('C:\\laragon\\www\\...')
#2 C:\laragon\www\quiko\system\View\View.php(213): CodeIgniter\View\View->CodeIgniter\View\{closure}()
#3 C:\laragon\www\quiko\system\Common.php(1089): CodeIgniter\View\View->render('clientes/client...', Array, true)
#4 C:\laragon\www\quiko\app\Controllers\Cliente.php(21): view('clientes/client...')
#5 C:\laragon\www\quiko\system\CodeIgniter.php(832): App\Controllers\Cliente->index()
#6 C:\laragon\www\quiko\system\CodeIgniter.php(419): CodeIgniter\CodeIgniter->runController(Object(App\Controllers\Cliente))
#7 C:\laragon\www\quiko\system\CodeIgniter.php(326): CodeIgniter\CodeIgniter->handleRequest(NULL, Object(Config\Cache), false)
#8 C:\laragon\www\quiko\public\index.php(37): CodeIgniter\CodeIgniter->run()
#9 {main}
CRITICAL - 2022-04-13 17:38:49 --> Undefined variable: datos
#0 C:\laragon\www\quiko\app\Views\clientes\clientes.php(3): CodeIgniter\Debug\Exceptions->errorHandler(8, 'Undefined varia...', 'C:\\laragon\\www\\...', 3, Array)
#1 C:\laragon\www\quiko\system\View\View.php(210): include('C:\\laragon\\www\\...')
#2 C:\laragon\www\quiko\system\View\View.php(213): CodeIgniter\View\View->CodeIgniter\View\{closure}()
#3 C:\laragon\www\quiko\system\Common.php(1089): CodeIgniter\View\View->render('clientes/client...', Array, true)
#4 C:\laragon\www\quiko\app\Controllers\Cliente.php(21): view('clientes/client...')
#5 C:\laragon\www\quiko\system\CodeIgniter.php(832): App\Controllers\Cliente->index()
#6 C:\laragon\www\quiko\system\CodeIgniter.php(419): CodeIgniter\CodeIgniter->runController(Object(App\Controllers\Cliente))
#7 C:\laragon\www\quiko\system\CodeIgniter.php(326): CodeIgniter\CodeIgniter->handleRequest(NULL, Object(Config\Cache), false)
#8 C:\laragon\www\quiko\public\index.php(37): CodeIgniter\CodeIgniter->run()
#9 {main}
CRITICAL - 2022-04-13 17:42:06 --> Undefined variable: titulo
#0 C:\laragon\www\quiko\app\Views\clientes\clientes.php(4): CodeIgniter\Debug\Exceptions->errorHandler(8, 'Undefined varia...', 'C:\\laragon\\www\\...', 4, Array)
#1 C:\laragon\www\quiko\system\View\View.php(210): include('C:\\laragon\\www\\...')
#2 C:\laragon\www\quiko\system\View\View.php(213): CodeIgniter\View\View->CodeIgniter\View\{closure}()
#3 C:\laragon\www\quiko\system\Common.php(1089): CodeIgniter\View\View->render('clientes/client...', Array, true)
#4 C:\laragon\www\quiko\app\Controllers\Cliente.php(21): view('clientes/client...')
#5 C:\laragon\www\quiko\system\CodeIgniter.php(832): App\Controllers\Cliente->index()
#6 C:\laragon\www\quiko\system\CodeIgniter.php(419): CodeIgniter\CodeIgniter->runController(Object(App\Controllers\Cliente))
#7 C:\laragon\www\quiko\system\CodeIgniter.php(326): CodeIgniter\CodeIgniter->handleRequest(NULL, Object(Config\Cache), false)
#8 C:\laragon\www\quiko\public\index.php(37): CodeIgniter\CodeIgniter->run()
#9 {main}
CRITICAL - 2022-04-13 17:42:25 --> Undefined variable: titulo
#0 C:\laragon\www\quiko\app\Views\clientes\clientes.php(4): CodeIgniter\Debug\Exceptions->errorHandler(8, 'Undefined varia...', 'C:\\laragon\\www\\...', 4, Array)
#1 C:\laragon\www\quiko\system\View\View.php(210): include('C:\\laragon\\www\\...')
#2 C:\laragon\www\quiko\system\View\View.php(213): CodeIgniter\View\View->CodeIgniter\View\{closure}()
#3 C:\laragon\www\quiko\system\Common.php(1089): CodeIgniter\View\View->render('clientes/client...', Array, true)
#4 C:\laragon\www\quiko\app\Controllers\Cliente.php(21): view('clientes/client...')
#5 C:\laragon\www\quiko\system\CodeIgniter.php(832): App\Controllers\Cliente->index()
#6 C:\laragon\www\quiko\system\CodeIgniter.php(419): CodeIgniter\CodeIgniter->runController(Object(App\Controllers\Cliente))
#7 C:\laragon\www\quiko\system\CodeIgniter.php(326): CodeIgniter\CodeIgniter->handleRequest(NULL, Object(Config\Cache), false)
#8 C:\laragon\www\quiko\public\index.php(37): CodeIgniter\CodeIgniter->run()
#9 {main}
CRITICAL - 2022-04-13 22:10:40 --> Cannot redeclare App\Controllers\Cliente::nuevo()
#0 [internal function]: CodeIgniter\Debug\Exceptions->shutdownHandler()
#1 {main}
CRITICAL - 2022-04-13 22:16:21 --> Undefined variable: datos
#0 C:\laragon\www\quiko\app\Views\clientes\clientes.php(36): CodeIgniter\Debug\Exceptions->errorHandler(8, 'Undefined varia...', 'C:\\laragon\\www\\...', 36, Array)
#1 C:\laragon\www\quiko\system\View\View.php(210): include('C:\\laragon\\www\\...')
#2 C:\laragon\www\quiko\system\View\View.php(213): CodeIgniter\View\View->CodeIgniter\View\{closure}()
#3 C:\laragon\www\quiko\system\Common.php(1089): CodeIgniter\View\View->render('clientes/client...', Array, true)
#4 C:\laragon\www\quiko\app\Controllers\Cliente.php(41): view('clientes/client...', Array)
#5 C:\laragon\www\quiko\system\CodeIgniter.php(832): App\Controllers\Cliente->nuevo()
#6 C:\laragon\www\quiko\system\CodeIgniter.php(419): CodeIgniter\CodeIgniter->runController(Object(App\Controllers\Cliente))
#7 C:\laragon\www\quiko\system\CodeIgniter.php(326): CodeIgniter\CodeIgniter->handleRequest(NULL, Object(Config\Cache), false)
#8 C:\laragon\www\quiko\public\index.php(37): CodeIgniter\CodeIgniter->run()
#9 {main}
CRITICAL - 2022-04-13 22:17:53 --> Undefined variable: datos
#0 C:\laragon\www\quiko\app\Views\clientes\clientes.php(36): CodeIgniter\Debug\Exceptions->errorHandler(8, 'Undefined varia...', 'C:\\laragon\\www\\...', 36, Array)
#1 C:\laragon\www\quiko\system\View\View.php(210): include('C:\\laragon\\www\\...')
#2 C:\laragon\www\quiko\system\View\View.php(213): CodeIgniter\View\View->CodeIgniter\View\{closure}()
#3 C:\laragon\www\quiko\system\Common.php(1089): CodeIgniter\View\View->render('clientes/client...', Array, true)
#4 C:\laragon\www\quiko\app\Controllers\Cliente.php(30): view('clientes/client...', Array)
#5 C:\laragon\www\quiko\system\CodeIgniter.php(832): App\Controllers\Cliente->nuevo()
#6 C:\laragon\www\quiko\system\CodeIgniter.php(419): CodeIgniter\CodeIgniter->runController(Object(App\Controllers\Cliente))
#7 C:\laragon\www\quiko\system\CodeIgniter.php(326): CodeIgniter\CodeIgniter->handleRequest(NULL, Object(Config\Cache), false)
#8 C:\laragon\www\quiko\public\index.php(37): CodeIgniter\CodeIgniter->run()
#9 {main}
