CRITICAL - 2022-04-18 10:22:58 --> Undefined index: visualizacion
#0 C:\laragon\www\quiko\app\Views\cortes\cortes.php(37): CodeIgniter\Debug\Exceptions->errorHandler(8, 'Undefined index...', 'C:\\laragon\\www\\...', 37, Array)
#1 C:\laragon\www\quiko\system\View\View.php(210): include('C:\\laragon\\www\\...')
#2 C:\laragon\www\quiko\system\View\View.php(213): CodeIgniter\View\View->CodeIgniter\View\{closure}()
#3 C:\laragon\www\quiko\system\Common.php(1089): CodeIgniter\View\View->render('cortes/cortes', Array, true)
#4 C:\laragon\www\quiko\app\Controllers\Corte.php(22): view('cortes/cortes', Array)
#5 C:\laragon\www\quiko\system\CodeIgniter.php(832): App\Controllers\Corte->index()
#6 C:\laragon\www\quiko\system\CodeIgniter.php(419): CodeIgniter\CodeIgniter->runController(Object(App\Controllers\Corte))
#7 C:\laragon\www\quiko\system\CodeIgniter.php(326): CodeIgniter\CodeIgniter->handleRequest(NULL, Object(Config\Cache), false)
#8 C:\laragon\www\quiko\public\index.php(37): CodeIgniter\CodeIgniter->run()
#9 {main}
CRITICAL - 2022-04-18 10:23:11 --> Undefined index: visualizacion
#0 C:\laragon\www\quiko\app\Views\cortes\cortes.php(37): CodeIgniter\Debug\Exceptions->errorHandler(8, 'Undefined index...', 'C:\\laragon\\www\\...', 37, Array)
#1 C:\laragon\www\quiko\system\View\View.php(210): include('C:\\laragon\\www\\...')
#2 C:\laragon\www\quiko\system\View\View.php(213): CodeIgniter\View\View->CodeIgniter\View\{closure}()
#3 C:\laragon\www\quiko\system\Common.php(1089): CodeIgniter\View\View->render('cortes/cortes', Array, true)
#4 C:\laragon\www\quiko\app\Controllers\Corte.php(22): view('cortes/cortes', Array)
#5 C:\laragon\www\quiko\system\CodeIgniter.php(832): App\Controllers\Corte->index()
#6 C:\laragon\www\quiko\system\CodeIgniter.php(419): CodeIgniter\CodeIgniter->runController(Object(App\Controllers\Corte))
#7 C:\laragon\www\quiko\system\CodeIgniter.php(326): CodeIgniter\CodeIgniter->handleRequest(NULL, Object(Config\Cache), false)
#8 C:\laragon\www\quiko\public\index.php(37): CodeIgniter\CodeIgniter->run()
#9 {main}
CRITICAL - 2022-04-18 10:23:30 --> Undefined index: visualizacion
#0 C:\laragon\www\quiko\app\Views\cortes\cortes.php(37): CodeIgniter\Debug\Exceptions->errorHandler(8, 'Undefined index...', 'C:\\laragon\\www\\...', 37, Array)
#1 C:\laragon\www\quiko\system\View\View.php(210): include('C:\\laragon\\www\\...')
#2 C:\laragon\www\quiko\system\View\View.php(213): CodeIgniter\View\View->CodeIgniter\View\{closure}()
#3 C:\laragon\www\quiko\system\Common.php(1089): CodeIgniter\View\View->render('cortes/cortes', Array, true)
#4 C:\laragon\www\quiko\app\Controllers\Corte.php(22): view('cortes/cortes', Array)
#5 C:\laragon\www\quiko\system\CodeIgniter.php(832): App\Controllers\Corte->index()
#6 C:\laragon\www\quiko\system\CodeIgniter.php(419): CodeIgniter\CodeIgniter->runController(Object(App\Controllers\Corte))
#7 C:\laragon\www\quiko\system\CodeIgniter.php(326): CodeIgniter\CodeIgniter->handleRequest(NULL, Object(Config\Cache), false)
#8 C:\laragon\www\quiko\public\index.php(37): CodeIgniter\CodeIgniter->run()
#9 {main}
CRITICAL - 2022-04-18 10:28:18 --> Undefined index: visualizacion
#0 C:\laragon\www\quiko\app\Views\cortes\cortes.php(37): CodeIgniter\Debug\Exceptions->errorHandler(8, 'Undefined index...', 'C:\\laragon\\www\\...', 37, Array)
#1 C:\laragon\www\quiko\system\View\View.php(210): include('C:\\laragon\\www\\...')
#2 C:\laragon\www\quiko\system\View\View.php(213): CodeIgniter\View\View->CodeIgniter\View\{closure}()
#3 C:\laragon\www\quiko\system\Common.php(1089): CodeIgniter\View\View->render('cortes/cortes', Array, true)
#4 C:\laragon\www\quiko\app\Controllers\Corte.php(22): view('cortes/cortes', Array)
#5 C:\laragon\www\quiko\system\CodeIgniter.php(832): App\Controllers\Corte->index()
#6 C:\laragon\www\quiko\system\CodeIgniter.php(419): CodeIgniter\CodeIgniter->runController(Object(App\Controllers\Corte))
#7 C:\laragon\www\quiko\system\CodeIgniter.php(326): CodeIgniter\CodeIgniter->handleRequest(NULL, Object(Config\Cache), false)
#8 C:\laragon\www\quiko\public\index.php(37): CodeIgniter\CodeIgniter->run()
#9 {main}
