ERROR - 2022-04-12 02:20:18 --> Error connecting to the database: Se produjo un error durante el intento de conexión ya que la parte conectada no respondió adecuadamente tras un periodo de tiempo, o bien se produjo un error en la conexión establecida ya que el host conectado no ha podido responder.

CRITICAL - 2022-04-12 02:20:18 --> Unable to connect to the database.
Main connection [MySQLi]: Se produjo un error durante el intento de conexión ya que la parte conectada no respondió adecuadamente tras un periodo de tiempo, o bien se produjo un error en la conexión establecida ya que el host conectado no ha podido responder.

#0 C:\laragon\www\BarberShop\system\Database\BaseConnection.php(577): CodeIgniter\Database\BaseConnection->initialize()
#1 C:\laragon\www\BarberShop\system\Database\BaseBuilder.php(1455): CodeIgniter\Database\BaseConnection->query('SELECT *\nFROM `...', Array, false)
#2 C:\laragon\www\BarberShop\system\Model.php(210): CodeIgniter\Database\BaseBuilder->get()
#3 C:\laragon\www\BarberShop\system\BaseModel.php(622): CodeIgniter\Model->doFirst()
#4 C:\laragon\www\BarberShop\app\Models\AdministradorModel.php(25): CodeIgniter\BaseModel->first()
#5 C:\laragon\www\BarberShop\app\Controllers\Auth.php(80): App\Models\AdministradorModel->login('Jesus.73@gmail....', 'Spoonme876')
#6 C:\laragon\www\BarberShop\system\CodeIgniter.php(832): App\Controllers\Auth->create()
#7 C:\laragon\www\BarberShop\system\CodeIgniter.php(419): CodeIgniter\CodeIgniter->runController(Object(App\Controllers\Auth))
#8 C:\laragon\www\BarberShop\system\CodeIgniter.php(326): CodeIgniter\CodeIgniter->handleRequest(NULL, Object(Config\Cache), false)
#9 C:\laragon\www\BarberShop\public\index.php(37): CodeIgniter\CodeIgniter->run()
#10 {main}
ERROR - 2022-04-12 02:20:30 --> Error connecting to the database: Se produjo un error durante el intento de conexión ya que la parte conectada no respondió adecuadamente tras un periodo de tiempo, o bien se produjo un error en la conexión establecida ya que el host conectado no ha podido responder.

CRITICAL - 2022-04-12 02:20:30 --> Unable to connect to the database.
Main connection [MySQLi]: Se produjo un error durante el intento de conexión ya que la parte conectada no respondió adecuadamente tras un periodo de tiempo, o bien se produjo un error en la conexión establecida ya que el host conectado no ha podido responder.

#0 C:\laragon\www\BarberShop\system\Database\BaseConnection.php(577): CodeIgniter\Database\BaseConnection->initialize()
#1 C:\laragon\www\BarberShop\system\Database\BaseBuilder.php(1455): CodeIgniter\Database\BaseConnection->query('SELECT *\nFROM `...', Array, false)
#2 C:\laragon\www\BarberShop\system\Model.php(210): CodeIgniter\Database\BaseBuilder->get()
#3 C:\laragon\www\BarberShop\system\BaseModel.php(622): CodeIgniter\Model->doFirst()
#4 C:\laragon\www\BarberShop\app\Models\AdministradorModel.php(25): CodeIgniter\BaseModel->first()
#5 C:\laragon\www\BarberShop\app\Controllers\Auth.php(80): App\Models\AdministradorModel->login('Jesus.73@gmail....', 'Spoonme876')
#6 C:\laragon\www\BarberShop\system\CodeIgniter.php(832): App\Controllers\Auth->create()
#7 C:\laragon\www\BarberShop\system\CodeIgniter.php(419): CodeIgniter\CodeIgniter->runController(Object(App\Controllers\Auth))
#8 C:\laragon\www\BarberShop\system\CodeIgniter.php(326): CodeIgniter\CodeIgniter->handleRequest(NULL, Object(Config\Cache), false)
#9 C:\laragon\www\BarberShop\public\index.php(37): CodeIgniter\CodeIgniter->run()
#10 {main}
ERROR - 2022-04-12 02:20:44 --> Error connecting to the database: Se produjo un error durante el intento de conexión ya que la parte conectada no respondió adecuadamente tras un periodo de tiempo, o bien se produjo un error en la conexión establecida ya que el host conectado no ha podido responder.

CRITICAL - 2022-04-12 02:20:44 --> Unable to connect to the database.
Main connection [MySQLi]: Se produjo un error durante el intento de conexión ya que la parte conectada no respondió adecuadamente tras un periodo de tiempo, o bien se produjo un error en la conexión establecida ya que el host conectado no ha podido responder.

#0 C:\laragon\www\BarberShop\system\Database\BaseConnection.php(577): CodeIgniter\Database\BaseConnection->initialize()
#1 C:\laragon\www\BarberShop\system\Database\BaseBuilder.php(1455): CodeIgniter\Database\BaseConnection->query('SELECT *\nFROM `...', Array, false)
#2 C:\laragon\www\BarberShop\system\Model.php(210): CodeIgniter\Database\BaseBuilder->get()
#3 C:\laragon\www\BarberShop\system\BaseModel.php(622): CodeIgniter\Model->doFirst()
#4 C:\laragon\www\BarberShop\app\Models\AdministradorModel.php(25): CodeIgniter\BaseModel->first()
#5 C:\laragon\www\BarberShop\app\Controllers\Auth.php(80): App\Models\AdministradorModel->login('Jesus.73@gmail....', 'Spoonme876')
#6 C:\laragon\www\BarberShop\system\CodeIgniter.php(832): App\Controllers\Auth->create()
#7 C:\laragon\www\BarberShop\system\CodeIgniter.php(419): CodeIgniter\CodeIgniter->runController(Object(App\Controllers\Auth))
#8 C:\laragon\www\BarberShop\system\CodeIgniter.php(326): CodeIgniter\CodeIgniter->handleRequest(NULL, Object(Config\Cache), false)
#9 C:\laragon\www\BarberShop\public\index.php(37): CodeIgniter\CodeIgniter->run()
#10 {main}
ERROR - 2022-04-12 02:21:04 --> Error connecting to the database: Se produjo un error durante el intento de conexión ya que la parte conectada no respondió adecuadamente tras un periodo de tiempo, o bien se produjo un error en la conexión establecida ya que el host conectado no ha podido responder.

CRITICAL - 2022-04-12 02:21:04 --> Unable to connect to the database.
Main connection [MySQLi]: Se produjo un error durante el intento de conexión ya que la parte conectada no respondió adecuadamente tras un periodo de tiempo, o bien se produjo un error en la conexión establecida ya que el host conectado no ha podido responder.

#0 C:\laragon\www\BarberShop\system\Database\BaseConnection.php(577): CodeIgniter\Database\BaseConnection->initialize()
#1 C:\laragon\www\BarberShop\system\Database\BaseBuilder.php(1455): CodeIgniter\Database\BaseConnection->query('SELECT *\nFROM `...', Array, false)
#2 C:\laragon\www\BarberShop\system\Model.php(210): CodeIgniter\Database\BaseBuilder->get()
#3 C:\laragon\www\BarberShop\system\BaseModel.php(622): CodeIgniter\Model->doFirst()
#4 C:\laragon\www\BarberShop\app\Models\AdministradorModel.php(25): CodeIgniter\BaseModel->first()
#5 C:\laragon\www\BarberShop\app\Controllers\Auth.php(80): App\Models\AdministradorModel->login('Jesus.73@gmail....', 'Spoonme876')
#6 C:\laragon\www\BarberShop\system\CodeIgniter.php(832): App\Controllers\Auth->create()
#7 C:\laragon\www\BarberShop\system\CodeIgniter.php(419): CodeIgniter\CodeIgniter->runController(Object(App\Controllers\Auth))
#8 C:\laragon\www\BarberShop\system\CodeIgniter.php(326): CodeIgniter\CodeIgniter->handleRequest(NULL, Object(Config\Cache), false)
#9 C:\laragon\www\BarberShop\public\index.php(37): CodeIgniter\CodeIgniter->run()
#10 {main}
ERROR - 2022-04-12 02:22:23 --> Error connecting to the database: Se produjo un error durante el intento de conexión ya que la parte conectada no respondió adecuadamente tras un periodo de tiempo, o bien se produjo un error en la conexión establecida ya que el host conectado no ha podido responder.

CRITICAL - 2022-04-12 02:22:23 --> Unable to connect to the database.
Main connection [MySQLi]: Se produjo un error durante el intento de conexión ya que la parte conectada no respondió adecuadamente tras un periodo de tiempo, o bien se produjo un error en la conexión establecida ya que el host conectado no ha podido responder.

#0 C:\laragon\www\BarberShop\system\Database\BaseConnection.php(577): CodeIgniter\Database\BaseConnection->initialize()
#1 C:\laragon\www\BarberShop\system\Database\BaseBuilder.php(1455): CodeIgniter\Database\BaseConnection->query('SELECT *\nFROM `...', Array, false)
#2 C:\laragon\www\BarberShop\system\Model.php(210): CodeIgniter\Database\BaseBuilder->get()
#3 C:\laragon\www\BarberShop\system\BaseModel.php(622): CodeIgniter\Model->doFirst()
#4 C:\laragon\www\BarberShop\app\Models\AdministradorModel.php(25): CodeIgniter\BaseModel->first()
#5 C:\laragon\www\BarberShop\app\Controllers\Auth.php(80): App\Models\AdministradorModel->login('Jesus.73@gmail....', 'Spoonme876')
#6 C:\laragon\www\BarberShop\system\CodeIgniter.php(832): App\Controllers\Auth->create()
#7 C:\laragon\www\BarberShop\system\CodeIgniter.php(419): CodeIgniter\CodeIgniter->runController(Object(App\Controllers\Auth))
#8 C:\laragon\www\BarberShop\system\CodeIgniter.php(326): CodeIgniter\CodeIgniter->handleRequest(NULL, Object(Config\Cache), false)
#9 C:\laragon\www\BarberShop\public\index.php(37): CodeIgniter\CodeIgniter->run()
#10 {main}
ERROR - 2022-04-12 02:24:49 --> Error connecting to the database: Se produjo un error durante el intento de conexión ya que la parte conectada no respondió adecuadamente tras un periodo de tiempo, o bien se produjo un error en la conexión establecida ya que el host conectado no ha podido responder.

CRITICAL - 2022-04-12 02:24:49 --> Unable to connect to the database.
Main connection [MySQLi]: Se produjo un error durante el intento de conexión ya que la parte conectada no respondió adecuadamente tras un periodo de tiempo, o bien se produjo un error en la conexión establecida ya que el host conectado no ha podido responder.

#0 C:\laragon\www\BarberShop\system\Database\BaseConnection.php(577): CodeIgniter\Database\BaseConnection->initialize()
#1 C:\laragon\www\BarberShop\system\Database\BaseBuilder.php(1455): CodeIgniter\Database\BaseConnection->query('SELECT *\nFROM `...', Array, false)
#2 C:\laragon\www\BarberShop\system\Model.php(210): CodeIgniter\Database\BaseBuilder->get()
#3 C:\laragon\www\BarberShop\system\BaseModel.php(622): CodeIgniter\Model->doFirst()
#4 C:\laragon\www\BarberShop\app\Models\AdministradorModel.php(25): CodeIgniter\BaseModel->first()
#5 C:\laragon\www\BarberShop\app\Controllers\Auth.php(80): App\Models\AdministradorModel->login('Jesus.73@gmail....', 'Spoonme876')
#6 C:\laragon\www\BarberShop\system\CodeIgniter.php(832): App\Controllers\Auth->create()
#7 C:\laragon\www\BarberShop\system\CodeIgniter.php(419): CodeIgniter\CodeIgniter->runController(Object(App\Controllers\Auth))
#8 C:\laragon\www\BarberShop\system\CodeIgniter.php(326): CodeIgniter\CodeIgniter->handleRequest(NULL, Object(Config\Cache), false)
#9 C:\laragon\www\BarberShop\public\index.php(37): CodeIgniter\CodeIgniter->run()
#10 {main}
ERROR - 2022-04-12 02:25:47 --> Error connecting to the database: Se produjo un error durante el intento de conexión ya que la parte conectada no respondió adecuadamente tras un periodo de tiempo, o bien se produjo un error en la conexión establecida ya que el host conectado no ha podido responder.

CRITICAL - 2022-04-12 02:25:47 --> Unable to connect to the database.
Main connection [MySQLi]: Se produjo un error durante el intento de conexión ya que la parte conectada no respondió adecuadamente tras un periodo de tiempo, o bien se produjo un error en la conexión establecida ya que el host conectado no ha podido responder.

#0 C:\laragon\www\BarberShop\system\Database\BaseConnection.php(577): CodeIgniter\Database\BaseConnection->initialize()
#1 C:\laragon\www\BarberShop\system\Database\BaseBuilder.php(1455): CodeIgniter\Database\BaseConnection->query('SELECT *\nFROM `...', Array, false)
#2 C:\laragon\www\BarberShop\system\Model.php(210): CodeIgniter\Database\BaseBuilder->get()
#3 C:\laragon\www\BarberShop\system\BaseModel.php(622): CodeIgniter\Model->doFirst()
#4 C:\laragon\www\BarberShop\app\Models\AdministradorModel.php(25): CodeIgniter\BaseModel->first()
#5 C:\laragon\www\BarberShop\app\Controllers\Auth.php(80): App\Models\AdministradorModel->login('Jesus.73@gmail....', 'Spoonme876')
#6 C:\laragon\www\BarberShop\system\CodeIgniter.php(832): App\Controllers\Auth->create()
#7 C:\laragon\www\BarberShop\system\CodeIgniter.php(419): CodeIgniter\CodeIgniter->runController(Object(App\Controllers\Auth))
#8 C:\laragon\www\BarberShop\system\CodeIgniter.php(326): CodeIgniter\CodeIgniter->handleRequest(NULL, Object(Config\Cache), false)
#9 C:\laragon\www\BarberShop\public\index.php(37): CodeIgniter\CodeIgniter->run()
#10 {main}
CRITICAL - 2022-04-12 02:26:10 --> Call to a member function getValue() on null
#0 C:\laragon\www\BarberShop\app\Controllers\Corte.php(37): App\Controllers\Auth->verifyToken()
#1 C:\laragon\www\BarberShop\system\CodeIgniter.php(832): App\Controllers\Corte->create()
#2 C:\laragon\www\BarberShop\system\CodeIgniter.php(419): CodeIgniter\CodeIgniter->runController(Object(App\Controllers\Corte))
#3 C:\laragon\www\BarberShop\system\CodeIgniter.php(326): CodeIgniter\CodeIgniter->handleRequest(NULL, Object(Config\Cache), false)
#4 C:\laragon\www\BarberShop\public\index.php(37): CodeIgniter\CodeIgniter->run()
#5 {main}
CRITICAL - 2022-04-12 02:26:12 --> Call to a member function getValue() on null
#0 C:\laragon\www\BarberShop\app\Controllers\Corte.php(37): App\Controllers\Auth->verifyToken()
#1 C:\laragon\www\BarberShop\system\CodeIgniter.php(832): App\Controllers\Corte->create()
#2 C:\laragon\www\BarberShop\system\CodeIgniter.php(419): CodeIgniter\CodeIgniter->runController(Object(App\Controllers\Corte))
#3 C:\laragon\www\BarberShop\system\CodeIgniter.php(326): CodeIgniter\CodeIgniter->handleRequest(NULL, Object(Config\Cache), false)
#4 C:\laragon\www\BarberShop\public\index.php(37): CodeIgniter\CodeIgniter->run()
#5 {main}
CRITICAL - 2022-04-12 02:26:20 --> Call to a member function getValue() on null
#0 C:\laragon\www\BarberShop\app\Controllers\Corte.php(37): App\Controllers\Auth->verifyToken()
#1 C:\laragon\www\BarberShop\system\CodeIgniter.php(832): App\Controllers\Corte->create()
#2 C:\laragon\www\BarberShop\system\CodeIgniter.php(419): CodeIgniter\CodeIgniter->runController(Object(App\Controllers\Corte))
#3 C:\laragon\www\BarberShop\system\CodeIgniter.php(326): CodeIgniter\CodeIgniter->handleRequest(NULL, Object(Config\Cache), false)
#4 C:\laragon\www\BarberShop\public\index.php(37): CodeIgniter\CodeIgniter->run()
#5 {main}
CRITICAL - 2022-04-12 02:26:24 --> Call to a member function getValue() on null
#0 C:\laragon\www\BarberShop\app\Controllers\Corte.php(12): App\Controllers\Auth->verifyToken()
#1 C:\laragon\www\BarberShop\system\CodeIgniter.php(832): App\Controllers\Corte->index()
#2 C:\laragon\www\BarberShop\system\CodeIgniter.php(419): CodeIgniter\CodeIgniter->runController(Object(App\Controllers\Corte))
#3 C:\laragon\www\BarberShop\system\CodeIgniter.php(326): CodeIgniter\CodeIgniter->handleRequest(NULL, Object(Config\Cache), false)
#4 C:\laragon\www\BarberShop\public\index.php(37): CodeIgniter\CodeIgniter->run()
#5 {main}
CRITICAL - 2022-04-12 02:26:25 --> Call to a member function getValue() on null
#0 C:\laragon\www\BarberShop\app\Controllers\Corte.php(12): App\Controllers\Auth->verifyToken()
#1 C:\laragon\www\BarberShop\system\CodeIgniter.php(832): App\Controllers\Corte->index()
#2 C:\laragon\www\BarberShop\system\CodeIgniter.php(419): CodeIgniter\CodeIgniter->runController(Object(App\Controllers\Corte))
#3 C:\laragon\www\BarberShop\system\CodeIgniter.php(326): CodeIgniter\CodeIgniter->handleRequest(NULL, Object(Config\Cache), false)
#4 C:\laragon\www\BarberShop\public\index.php(37): CodeIgniter\CodeIgniter->run()
#5 {main}
CRITICAL - 2022-04-12 02:26:26 --> Call to a member function getValue() on null
#0 C:\laragon\www\BarberShop\app\Controllers\Corte.php(12): App\Controllers\Auth->verifyToken()
#1 C:\laragon\www\BarberShop\system\CodeIgniter.php(832): App\Controllers\Corte->index()
#2 C:\laragon\www\BarberShop\system\CodeIgniter.php(419): CodeIgniter\CodeIgniter->runController(Object(App\Controllers\Corte))
#3 C:\laragon\www\BarberShop\system\CodeIgniter.php(326): CodeIgniter\CodeIgniter->handleRequest(NULL, Object(Config\Cache), false)
#4 C:\laragon\www\BarberShop\public\index.php(37): CodeIgniter\CodeIgniter->run()
#5 {main}
CRITICAL - 2022-04-12 02:26:52 --> Call to a member function getValue() on null
#0 C:\laragon\www\BarberShop\app\Controllers\Corte.php(12): App\Controllers\Auth->verifyToken()
#1 C:\laragon\www\BarberShop\system\CodeIgniter.php(832): App\Controllers\Corte->index()
#2 C:\laragon\www\BarberShop\system\CodeIgniter.php(419): CodeIgniter\CodeIgniter->runController(Object(App\Controllers\Corte))
#3 C:\laragon\www\BarberShop\system\CodeIgniter.php(326): CodeIgniter\CodeIgniter->handleRequest(NULL, Object(Config\Cache), false)
#4 C:\laragon\www\BarberShop\public\index.php(37): CodeIgniter\CodeIgniter->run()
#5 {main}
CRITICAL - 2022-04-12 02:26:53 --> Call to a member function getValue() on null
#0 C:\laragon\www\BarberShop\app\Controllers\Corte.php(12): App\Controllers\Auth->verifyToken()
#1 C:\laragon\www\BarberShop\system\CodeIgniter.php(832): App\Controllers\Corte->index()
#2 C:\laragon\www\BarberShop\system\CodeIgniter.php(419): CodeIgniter\CodeIgniter->runController(Object(App\Controllers\Corte))
#3 C:\laragon\www\BarberShop\system\CodeIgniter.php(326): CodeIgniter\CodeIgniter->handleRequest(NULL, Object(Config\Cache), false)
#4 C:\laragon\www\BarberShop\public\index.php(37): CodeIgniter\CodeIgniter->run()
#5 {main}
CRITICAL - 2022-04-12 02:29:49 --> Call to a member function getValue() on null
#0 C:\laragon\www\BarberShop\app\Controllers\Cita.php(13): App\Controllers\Auth->verifyToken()
#1 C:\laragon\www\BarberShop\system\CodeIgniter.php(832): App\Controllers\Cita->index()
#2 C:\laragon\www\BarberShop\system\CodeIgniter.php(419): CodeIgniter\CodeIgniter->runController(Object(App\Controllers\Cita))
#3 C:\laragon\www\BarberShop\system\CodeIgniter.php(326): CodeIgniter\CodeIgniter->handleRequest(NULL, Object(Config\Cache), false)
#4 C:\laragon\www\BarberShop\public\index.php(37): CodeIgniter\CodeIgniter->run()
#5 {main}
CRITICAL - 2022-04-12 02:30:09 --> Call to a member function getValue() on null
#0 C:\laragon\www\BarberShop\app\Controllers\Cita.php(13): App\Controllers\Auth->verifyToken()
#1 C:\laragon\www\BarberShop\system\CodeIgniter.php(832): App\Controllers\Cita->index()
#2 C:\laragon\www\BarberShop\system\CodeIgniter.php(419): CodeIgniter\CodeIgniter->runController(Object(App\Controllers\Cita))
#3 C:\laragon\www\BarberShop\system\CodeIgniter.php(326): CodeIgniter\CodeIgniter->handleRequest(NULL, Object(Config\Cache), false)
#4 C:\laragon\www\BarberShop\public\index.php(37): CodeIgniter\CodeIgniter->run()
#5 {main}
CRITICAL - 2022-04-12 02:30:17 --> Call to a member function getValue() on null
#0 C:\laragon\www\BarberShop\app\Controllers\Cita.php(13): App\Controllers\Auth->verifyToken()
#1 C:\laragon\www\BarberShop\system\CodeIgniter.php(832): App\Controllers\Cita->index()
#2 C:\laragon\www\BarberShop\system\CodeIgniter.php(419): CodeIgniter\CodeIgniter->runController(Object(App\Controllers\Cita))
#3 C:\laragon\www\BarberShop\system\CodeIgniter.php(326): CodeIgniter\CodeIgniter->handleRequest(NULL, Object(Config\Cache), false)
#4 C:\laragon\www\BarberShop\public\index.php(37): CodeIgniter\CodeIgniter->run()
#5 {main}
